<?xml version="1.0" encoding="UTF-8"?>
<testng-results ignored="0" total="2" passed="2" failed="0" skipped="0">
  <reporter-output>
  </reporter-output>
  <suite started-at="2025-02-07T01:03:02 IST" name="Default suite" finished-at="2025-02-07T01:03:02 IST" duration-ms="127">
    <groups>
    </groups>
    <test started-at="2025-02-07T01:03:02 IST" name="Default test" finished-at="2025-02-07T01:03:02 IST" duration-ms="127">
      <class name="streamsLearning.streamIntroduction">
        <test-method signature="regular()[pri:0, instance:streamsLearning.streamIntroduction@557caf28]" started-at="2025-02-07T01:03:02 IST" name="regular" finished-at="2025-02-07T01:03:02 IST" duration-ms="23" status="PASS">
          <reporter-output>
          </reporter-output>
        </test-method> <!-- regular -->
        <test-method signature="streamFilter()[pri:0, instance:streamsLearning.streamIntroduction@557caf28]" started-at="2025-02-07T01:03:02 IST" name="streamFilter" finished-at="2025-02-07T01:03:02 IST" duration-ms="7" status="PASS">
          <reporter-output>
          </reporter-output>
        </test-method> <!-- streamFilter -->
      </class> <!-- streamsLearning.streamIntroduction -->
    </test> <!-- Default test -->
  </suite> <!-- Default suite -->
</testng-results>
