<?xml version="1.0" encoding="UTF-8"?>
<testng-results ignored="0" total="2" passed="2" failed="0" skipped="0">
  <reporter-output>
  </reporter-output>
  <suite started-at="2025-02-14T13:07:04 IST" name="Default suite" finished-at="2025-02-14T13:07:04 IST" duration-ms="137">
    <groups>
    </groups>
    <test started-at="2025-02-14T13:07:04 IST" name="Default test" finished-at="2025-02-14T13:07:04 IST" duration-ms="137">
      <class name="SeleniumLearning.testNGIntroduction">
        <test-method signature="Demo()[pri:0, instance:SeleniumLearning.testNGIntroduction@36ebc363]" started-at="2025-02-14T13:07:04 IST" name="Demo" finished-at="2025-02-14T13:07:04 IST" duration-ms="20" status="PASS">
          <reporter-output>
          </reporter-output>
        </test-method> <!-- Demo -->
        <test-method signature="DemoTwo()[pri:0, instance:SeleniumLearning.testNGIntroduction@36ebc363]" started-at="2025-02-14T13:07:04 IST" name="DemoTwo" finished-at="2025-02-14T13:07:04 IST" duration-ms="4" status="PASS">
          <reporter-output>
          </reporter-output>
        </test-method> <!-- DemoTwo -->
      </class> <!-- SeleniumLearning.testNGIntroduction -->
    </test> <!-- Default test -->
  </suite> <!-- Default suite -->
</testng-results>
